2025-11-11T03:11:15:  ⚠ Warning: Next.js inferred your workspace root, but it may not be correct.
2025-11-11T03:11:15:  We detected multiple lockfiles and selected the directory of /home/claudeuser/package-lock.json as the root directory.
2025-11-11T03:11:15:  To silence this warning, set `outputFileTracingRoot` in your Next.js config, or consider removing one of the lockfiles if it's not needed.
2025-11-11T03:11:15:    See https://nextjs.org/docs/app/api-reference/config/next-config-js/output#caveats for more information.
2025-11-11T03:11:15:  Detected additional lockfiles: 
2025-11-11T03:11:15:    * /home/claudeuser/smartstudy/package-lock.json
2025-11-11T03:11:15: 
2025-11-11T03:13:20: Student goals feature not yet implemented in database
2025-11-11T03:13:21: Student goals feature not yet implemented in database
2025-11-11T03:13:27: Student goals feature not yet implemented in database
2025-11-11T03:13:37: Student goals feature not yet implemented in database
2025-11-11T05:57:40: Error in OAuth callback: Error: invalid_grant
2025-11-11T05:57:40:     at m._request (.next/server/chunks/[root-of-the-server]__ca633985._.js:1:11151)
2025-11-11T05:57:40:     at async d.getTokenAsync (.next/server/chunks/[root-of-the-server]__ca633985._.js:4:55452)
2025-11-11T05:57:40:     at async I (.next/server/chunks/[root-of-the-server]__ca633985._.js:20:11511603)
2025-11-11T05:57:40:     at async p (.next/server/chunks/[root-of-the-server]__ca633985._.js:20:11516498)
2025-11-11T05:57:40:     at async c (.next/server/chunks/[root-of-the-server]__ca633985._.js:20:11517536)
2025-11-11T05:57:40:     at async $ (.next/server/chunks/[root-of-the-server]__ca633985._.js:20:11518614) {
2025-11-11T05:57:40:   config: [Object],
2025-11-11T05:57:40:   response: [$ [Response]],
2025-11-11T05:57:40:   code: 400,
2025-11-11T05:57:40:   status: 400,
2025-11-11T05:57:40:   error: undefined,
2025-11-11T05:57:40:   [cause]: [Object]
2025-11-11T05:57:40: }
